<?xml version="1.0" encoding="UTF-8"?>
<testsuite name="org.gradle.examples.web.ServletTest" tests="1" skipped="0" failures="0" errors="0" timestamp="2017-07-22T15:28:32" hostname="nb-espmu-mari" time="0.578">
  <properties/>
  <testcase name="doGet" classname="org.gradle.examples.web.ServletTest" time="0.578"/>
  <system-out><![CDATA[]]></system-out>
  <system-err><![CDATA[]]></system-err>
</testsuite>
